Processing data from path /data/all/train/, sample_frac=1.0
Training samples 167068 and val samples 41768
Using torch version 1.10.0a0+3fd9dcf
Number of GPUs = 4
Datatype of image = torch.float32 and labels = torch.float32
Shape of image torch.Size([1, 512, 512]) and label torch.Size([16, 1, 512, 512])
Epoch 0 trained with loss: 0.07295806375285128. The running time is 3506.1313054561615.
Epoch 0 evaluated with loss: 0.00040377727329499316, dice score: 7.3442461143713444e-06. The running time is 662.2918267250061.
Best model saved at epoch: 0
Epoch 1 trained with loss: 0.00016129457119151808. The running time is 3500.165023326874.
Epoch 1 evaluated with loss: 0.00011331027626936024, dice score: -1.7151343172372435e-06. The running time is 654.271614074707.
Best model saved at epoch: 1
Epoch 2 trained with loss: 8.65304716210042e-05. The running time is 3502.083484649658.
Epoch 2 evaluated with loss: 9.473848066565241e-05, dice score: -5.747255727328593e-06. The running time is 720.74032330513.
Best model saved at epoch: 2
Epoch 3 trained with loss: 6.531366729682125e-05. The running time is 3506.2517063617706.
Epoch 3 evaluated with loss: 7.695634408908139e-05, dice score: -7.674834705539979e-06. The running time is 654.0854046344757.
Best model saved at epoch: 3
Epoch 4 trained with loss: 5.064389689362237e-05. The running time is 3507.257082223892.
Epoch 4 evaluated with loss: 6.684787900968247e-05, dice score: -1.0079498679260723e-05. The running time is 653.8434920310974.
Best model saved at epoch: 4
Epoch 5 trained with loss: 4.2566672643408257e-05. The running time is 3506.2765069007874.
Epoch 5 evaluated with loss: 6.147660226490794e-05, dice score: -8.828049431031104e-06. The running time is 653.8069045543671.
Best model saved at epoch: 5
Epoch 6 trained with loss: 3.685590948142555e-05. The running time is 3507.8631553649902.
Epoch 6 evaluated with loss: 7.59284397461991e-05, dice score: -6.627420134464046e-06. The running time is 653.9132747650146.
Best model saved at epoch: 6
Epoch 7 trained with loss: 3.316958063854282e-05. The running time is 3506.1144120693207.
Epoch 7 evaluated with loss: 5.611967510182192e-05, dice score: -8.368968337890692e-06. The running time is 653.7016084194183.
Best model saved at epoch: 7
Epoch 8 trained with loss: 2.9131880169210874e-05. The running time is 3507.486524105072.
Epoch 8 evaluated with loss: 6.271291438874001e-05, dice score: -6.496358764707111e-06. The running time is 653.7124338150024.
Best model saved at epoch: 8
Epoch 9 trained with loss: 2.6536016020903813e-05. The running time is 3506.428675889969.
Epoch 9 evaluated with loss: 5.555797706566078e-05, dice score: -1.0544903489062563e-05. The running time is 653.8067593574524.
Best model saved at epoch: 9
Epoch 10 trained with loss: 2.4513658353936272e-05. The running time is 3506.1428158283234.
Epoch 10 evaluated with loss: 5.9808301910927465e-05, dice score: -9.256504199584015e-06. The running time is 653.701087474823.
Best model saved at epoch: 10
Epoch 11 trained with loss: 2.288937458227026e-05. The running time is 3509.9711701869965.
Epoch 11 evaluated with loss: 5.5552883684726095e-05, dice score: -1.158427676273277e-05. The running time is 653.813549041748.
Best model saved at epoch: 11
Epoch 12 trained with loss: 2.1020728057960445e-05. The running time is 3513.2691197395325.
Epoch 12 evaluated with loss: 5.8042119578746845e-05, dice score: -8.580444955441635e-06. The running time is 653.8044953346252.
Best model saved at epoch: 12
Epoch 13 trained with loss: 2.0416411312070285e-05. The running time is 3507.43573141098.
Epoch 13 evaluated with loss: 5.700186471122735e-05, dice score: -1.2520517884695437e-05. The running time is 653.7758011817932.
Best model saved at epoch: 13
Epoch 14 trained with loss: 1.8456929813076984e-05. The running time is 3506.444747686386.
Epoch 14 evaluated with loss: 5.9507673666899945e-05, dice score: -1.2437371879059356e-05. The running time is 653.7903599739075.
Best model saved at epoch: 14
Epoch 15 trained with loss: 1.7763092778087e-05. The running time is 3505.635766506195.
Epoch 15 evaluated with loss: 6.3259225810131e-05, dice score: -8.73775570653379e-06. The running time is 653.8122873306274.
Best model saved at epoch: 15
Epoch 16 trained with loss: 1.7218929696605708e-05. The running time is 3506.894827604294.
Epoch 16 evaluated with loss: 5.612696756327563e-05, dice score: -1.2006336874037515e-05. The running time is 653.6976654529572.
Best model saved at epoch: 16
Epoch 17 trained with loss: 1.580338129966387e-05. The running time is 3510.811619281769.
Epoch 17 evaluated with loss: 6.181516958710433e-05, dice score: -1.1691941836033948e-05. The running time is 653.8107941150665.
Best model saved at epoch: 17
Epoch 18 trained with loss: 1.5282374317622854e-05. The running time is 3536.2689924240112.
Epoch 18 evaluated with loss: 6.239775456891689e-05, dice score: -1.257133135368349e-05. The running time is 653.7977864742279.
Best model saved at epoch: 18
Epoch 19 trained with loss: 1.4870891706386474e-05. The running time is 3536.1454770565033.
Epoch 19 evaluated with loss: 6.192675334117158e-05, dice score: -1.183008589578094e-05. The running time is 654.4918999671936.
Best model saved at epoch: 19
Epoch 20 trained with loss: 1.4310847476523466e-05. The running time is 3537.7496325969696.
Epoch 20 evaluated with loss: 6.146552678125301e-05, dice score: -1.1459016604931094e-05. The running time is 653.7668931484222.
Best model saved at epoch: 20
Epoch 21 trained with loss: 1.37064301515441e-05. The running time is 3547.328686237335.
Epoch 21 evaluated with loss: 6.483754415936719e-05, dice score: -1.2723538930003997e-05. The running time is 653.7472944259644.
Best model saved at epoch: 21
Epoch 22 trained with loss: 1.344871620958472e-05. The running time is 3549.1485211849213.
Epoch 22 evaluated with loss: 6.269966552332592e-05, dice score: -1.4290230865299236e-05. The running time is 653.7323379516602.
Best model saved at epoch: 22
Epoch 23 trained with loss: 1.27339661933257e-05. The running time is 3533.049501657486.
Epoch 23 evaluated with loss: 6.700668917400057e-05, dice score: -1.3380406926444266e-05. The running time is 714.2793061733246.
Best model saved at epoch: 23
Epoch 24 trained with loss: 1.2738847947154943e-05. The running time is 3506.9049048423767.
Epoch 24 evaluated with loss: 6.098589282644546e-05, dice score: -1.5331281247199513e-05. The running time is 653.8167328834534.
Best model saved at epoch: 24
Training is completed.
